TN:
SF:lib/Screens/Loggedin/components/loggedin_details.dart
FNF:0
FNH:0
DA:7,1
DA:9,1
DA:11,1
DA:13,1
DA:15,1
DA:16,1
DA:18,1
DA:20,1
DA:25,2
DA:27,1
DA:29,1
DA:31,1
DA:36,2
LF:13
LH:13
end_of_record
TN:
SF:lib/Screens/Loggedin/loggedin_page.dart
FNF:0
FNH:0
DA:10,1
DA:12,1
DA:13,1
DA:14,1
DA:15,1
DA:17,1
DA:18,1
DA:19,1
DA:21,1
DA:23,1
DA:24,1
DA:25,1
DA:26,1
DA:28,1
DA:30,1
LF:15
LH:15
end_of_record
TN:
SF:lib/Screens/Login/components/login_input.dart
FNF:0
FNH:0
DA:12,1
DA:13,1
DA:21,1
DA:23,2
DA:24,2
DA:25,1
DA:28,1
DA:30,1
DA:31,1
DA:33,1
DA:34,1
DA:35,1
DA:36,1
DA:37,1
DA:41,1
DA:43,1
DA:45,1
DA:49,1
DA:50,1
DA:51,1
DA:52,1
DA:56,1
DA:58,1
DA:60,1
DA:65,1
DA:67,1
DA:68,1
DA:69,1
DA:70,2
DA:71,2
DA:73,2
DA:75,0
DA:77,0
DA:78,0
DA:79,0
DA:80,0
DA:81,0
DA:82,0
DA:83,0
DA:84,0
DA:86,0
DA:93,0
DA:94,0
DA:95,0
DA:97,0
DA:98,0
DA:102,0
DA:104,0
DA:105,0
DA:108,0
DA:110,0
DA:111,0
DA:112,0
DA:113,0
DA:115,0
DA:121,0
DA:125,0
DA:129,0
DA:130,0
DA:131,0
DA:132,0
DA:135,0
DA:138,0
DA:139,0
DA:140,0
DA:142,0
DA:143,0
DA:144,0
DA:146,0
DA:150,0
DA:151,0
DA:152,0
DA:153,0
DA:157,0
DA:158,0
DA:160,0
DA:161,0
DA:168,1
DA:170,1
DA:172,1
DA:176,1
DA:177,1
DA:178,1
DA:179,1
DA:181,1
DA:182,1
DA:183,1
DA:188,1
DA:190,1
DA:192,1
DA:194,1
DA:195,1
DA:196,1
DA:197,1
DA:199,1
DA:200,1
DA:201,1
DA:214,0
DA:216,0
DA:217,0
DA:219,0
DA:220,0
DA:221,0
DA:223,0
DA:224,0
DA:225,0
DA:226,0
DA:227,0
LF:108
LH:51
end_of_record
TN:
SF:lib/Screens/Login/components/login_top.dart
FNF:0
FNH:0
DA:7,1
DA:9,1
DA:11,1
DA:13,1
DA:14,1
DA:15,1
DA:16,1
DA:17,1
DA:19,2
LF:9
LH:9
end_of_record
TN:
SF:lib/Screens/Login/login_page.dart
FNF:0
FNH:0
DA:8,1
DA:10,1
DA:11,1
DA:12,1
DA:13,1
DA:15,1
DA:16,1
DA:17,1
DA:18,1
DA:20,1
DA:22,1
DA:24,1
LF:12
LH:12
end_of_record
TN:
SF:lib/Screens/Signup/components/signup_input.dart
FNF:0
FNH:0
DA:10,1
DA:11,1
DA:24,1
DA:26,2
DA:27,2
DA:28,2
DA:29,2
DA:30,2
DA:31,1
DA:34,1
DA:36,1
DA:37,1
DA:38,1
DA:40,1
DA:41,1
DA:42,1
DA:43,1
DA:44,1
DA:47,1
DA:49,1
DA:51,1
DA:55,1
DA:56,3
DA:61,1
DA:62,2
DA:66,1
DA:67,1
DA:68,1
DA:71,1
DA:73,1
DA:75,1
DA:79,1
DA:80,3
DA:85,1
DA:86,2
DA:90,1
DA:91,1
DA:92,1
DA:95,1
DA:97,1
DA:99,1
DA:103,1
DA:104,1
DA:105,2
DA:110,1
DA:111,2
DA:115,1
DA:116,1
DA:117,1
DA:121,1
DA:123,1
DA:125,1
DA:129,1
DA:130,1
DA:131,1
DA:132,1
DA:137,1
DA:138,2
DA:142,1
DA:143,1
DA:144,1
DA:146,1
DA:148,1
DA:150,1
DA:152,1
DA:154,1
DA:155,1
DA:157,1
DA:159,1
DA:161,1
DA:163,2
DA:164,2
DA:170,1
DA:171,1
DA:173,2
DA:175,2
DA:177,2
DA:179,2
DA:181,1
DA:183,1
DA:186,1
DA:187,2
DA:191,1
DA:192,1
DA:194,1
DA:196,1
DA:198,1
DA:200,1
DA:202,1
DA:203,1
DA:205,1
DA:207,1
DA:209,1
DA:211,2
DA:212,2
DA:218,1
DA:219,3
DA:224,1
DA:225,2
DA:229,1
DA:230,1
DA:231,1
DA:232,2
DA:233,2
DA:234,2
DA:235,2
DA:236,2
DA:237,2
DA:241,0
DA:242,0
DA:243,0
DA:248,0
DA:250,0
DA:251,0
DA:252,0
DA:258,1
DA:260,1
DA:262,1
DA:265,1
DA:266,1
DA:267,1
DA:268,1
DA:270,1
DA:271,1
DA:272,1
DA:277,1
DA:279,1
DA:281,1
DA:284,1
DA:285,1
DA:287,1
DA:288,1
DA:290,1
DA:291,1
DA:292,1
LF:135
LH:128
end_of_record
TN:
SF:lib/Screens/Signup/components/signup_top.dart
FNF:0
FNH:0
DA:7,1
DA:9,1
DA:11,1
DA:13,1
DA:14,1
DA:15,1
DA:16,1
DA:17,1
DA:19,2
LF:9
LH:9
end_of_record
TN:
SF:lib/Screens/Signup/signup_page.dart
FNF:0
FNH:0
DA:7,1
DA:9,1
DA:10,1
DA:12,1
DA:13,1
DA:15,1
DA:16,1
DA:17,1
DA:18,1
DA:20,1
DA:22,1
LF:11
LH:11
end_of_record
TN:
SF:lib/Screens/Welcome/components/welcome_buttons.dart
FNF:0
FNH:0
DA:8,1
DA:10,1
DA:12,1
DA:14,1
DA:15,1
DA:16,1
DA:18,1
DA:19,1
DA:20,1
DA:21,1
DA:23,1
DA:24,1
DA:25,1
DA:30,1
DA:31,1
DA:32,1
DA:37,1
DA:38,1
DA:39,1
DA:40,1
DA:42,1
DA:43,1
DA:44,1
DA:49,1
DA:51,1
DA:52,1
DA:53,1
LF:27
LH:27
end_of_record
TN:
SF:lib/Screens/Welcome/components/welcome_details.dart
FNF:0
FNH:0
DA:7,1
DA:9,1
DA:11,1
DA:13,1
DA:15,1
DA:16,1
DA:18,1
DA:20,1
DA:25,2
DA:27,1
DA:29,1
DA:31,1
DA:36,2
LF:13
LH:13
end_of_record
TN:
SF:lib/Screens/Welcome/welcome_page.dart
FNF:0
FNH:0
DA:10,1
DA:12,1
DA:13,1
DA:14,1
DA:15,1
DA:17,1
DA:18,1
DA:19,1
DA:21,1
DA:23,1
DA:24,1
DA:25,1
DA:26,1
DA:28,1
DA:30,1
LF:15
LH:15
end_of_record
TN:
SF:lib/components/already_account.dart
FNF:0
FNH:0
DA:7,1
DA:11,1
DA:13,1
DA:15,1
DA:17,1
DA:18,1
DA:19,1
DA:20,1
DA:22,1
DA:23,1
DA:24,1
DA:25,1
DA:26,1
DA:27,1
LF:14
LH:14
end_of_record
TN:
SF:lib/components/background.dart
FNF:0
FNH:0
DA:5,1
DA:9,1
DA:13,1
DA:15,1
DA:17,1
DA:19,3
DA:20,1
DA:22,1
DA:23,2
LF:9
LH:9
end_of_record
TN:
SF:lib/website.dart
FNF:0
FNH:0
DA:8,1
DA:10,1
DA:12,1
DA:15,1
DA:18,1
DA:19,1
DA:22,1
DA:23,1
DA:24,1
DA:27,1
DA:32,1
DA:34,1
DA:35,2
DA:39,1
LF:14
LH:14
end_of_record
